#
# A fatal error has been detected by the Java Runtime Environment:
#
#  SIGBUS (0xa) at pc=0x000000010a381a60, pid=1356, tid=43267
#
# JRE version: OpenJDK Runtime Environment JBR-11.0.8.10-944.31-jcef (11.0.8+10) (build 11.0.8+10-b944.31)
# Java VM: OpenJDK 64-Bit Server VM JBR-11.0.8.10-944.31-jcef (11.0.8+10-b944.31, mixed mode, tiered, compressed oops, g1 gc, bsd-amd64)
# Problematic frame:
# V  [libjvm.dylib+0x381a60]  IndexSet::free_block(unsigned int)+0x32
#
# No core dump will be written. Core dumps have been disabled. To enable core dumping, try "ulimit -c unlimited" before starting Java again
#
# If you would like to submit a bug report, please visit:
#   https://bugreport.java.com/bugreport/crash.jsp
#

---------------  S U M M A R Y ------------

Command Line: -ea -Didea.test.cyclic.buffer.size=1048576 -javaagent:/Applications/IntelliJ IDEA CE.app/Contents/lib/idea_rt.jar=49778:/Applications/IntelliJ IDEA CE.app/Contents/bin -Dfile.encoding=UTF-8 com.intellij.rt.junit.JUnitStarter -ideVersion5 -junit4 pl.classroom.entity._04_ClassroomTest,testHqlFindTheBestStudentInClassroom

Host: MacBookPro12,1 x86_64 2700 MHz, 4 cores, 8G, Darwin 19.6.0
Time: Tue Sep 22 15:43:05 2020 CEST elapsed time: 3 seconds (0d 0h 0m 3s)

---------------  T H R E A D  ---------------

Current thread (0x00007fd974826000):  JavaThread "C2 CompilerThread0" daemon [_thread_in_native, id=43267, stack(0x00007000044a4000,0x00007000045a4000)]


Current CompileTask:
C2:   3404 1577   !   4       java.net.URL::<init> (543 bytes)

Stack: [0x00007000044a4000,0x00007000045a4000],  sp=0x00007000045a0600,  free space=1009k
Native frames: (J=compiled Java code, A=aot compiled Java code, j=interpreted, Vv=VM code, C=native code)
V  [libjvm.dylib+0x381a60]  IndexSet::free_block(unsigned int)+0x32
V  [libjvm.dylib+0x1b4a26]  IndexSet::clear()+0x3e
V  [libjvm.dylib+0x4f9608]  PhaseLive::compute(unsigned int)+0x604
V  [libjvm.dylib+0x344863]  PhaseCFG::global_code_motion()+0x431
V  [libjvm.dylib+0x344a60]  PhaseCFG::do_global_code_motion()+0x3a
V  [libjvm.dylib+0x21f556]  Compile::Code_Gen()+0x164
V  [libjvm.dylib+0x21d8e4]  Compile::Compile(ciEnv*, C2Compiler*, ciMethod*, int, bool, bool, bool, DirectiveSet*)+0x8d2
V  [libjvm.dylib+0x19e2ac]  C2Compiler::compile_method(ciEnv*, ciMethod*, int, DirectiveSet*)+0xb6
V  [libjvm.dylib+0x22a280]  CompileBroker::invoke_compiler_on_method(CompileTask*)+0x578
V  [libjvm.dylib+0x229b93]  CompileBroker::compiler_thread_loop()+0x1ab
V  [libjvm.dylib+0x6f3496]  JavaThread::thread_main_inner()+0x82
V  [libjvm.dylib+0x6f32e0]  JavaThread::run()+0x174
V  [libjvm.dylib+0x6f11c0]  Thread::call_run()+0x68
V  [libjvm.dylib+0x5f6fef]  thread_native_entry(Thread*)+0x139
C  [libsystem_pthread.dylib+0x6109]  _pthread_start+0x94
C  [libsystem_pthread.dylib+0x1b8b]  thread_start+0xf


siginfo: si_signo: 10 (SIGBUS), si_code: 2 (BUS_ADRERR), si_addr: 0x000000010b93be38

Register to memory mapping:

RAX=0x00007fd97351bbd0 points into unknown readable memory: 00 60 82 74 d9 7f 00 00
RBX=0x000000000000001c is an unknown value
RCX=0x00007fd9741795c8 points into unknown readable memory: 00 00 00 00 00 00 00 00
RDX=0x000000000000001c is an unknown value
RSP=0x00007000045a0600 is pointing into the stack for thread: 0x00007fd974826000
RBP=0x00007000045a0600 is pointing into the stack for thread: 0x00007fd974826000
RSI=0x000000010b93be38 points into unknown readable memory: 06 be 65 e2 db 38 23 81
RDI=0x00007fd973c75600 points into unknown readable memory: a0 4c c7 73 d9 7f 00 00
R8 =0x00007fd973b42308 points into unknown readable memory: 00 00 00 00 d9 7f 00 00
R9 =0x0000000000000001 is an unknown value
R10=0x000000010a917458: _ZL8tc_mutex+0x18 in /Applications/IntelliJ IDEA CE.app/Contents/jbr/Contents/Home/lib/server/libjvm.dylib at 0x000000010a000000
R11=0x00007000045a05b0 is pointing into the stack for thread: 0x00007fd974826000
R12=0x0000000000000077 is an unknown value
R13=0x00007000045a0670 is pointing into the stack for thread: 0x00007fd974826000
R14=0x00007fd9741795c8 points into unknown readable memory: 00 00 00 00 00 00 00 00
R15=0x000000010a93be38: _ZN8IndexSet12_empty_blockE+0 in /Applications/IntelliJ IDEA CE.app/Contents/jbr/Contents/Home/lib/server/libjvm.dylib at 0x000000010a000000


Registers:
RAX=0x00007fd97351bbd0, RBX=0x000000000000001c, RCX=0x00007fd9741795c8, RDX=0x000000000000001c
RSP=0x00007000045a0600, RBP=0x00007000045a0600, RSI=0x000000010b93be38, RDI=0x00007fd973c75600
R8 =0x00007fd973b42308, R9 =0x0000000000000001, R10=0x000000010a917458, R11=0x00007000045a05b0
R12=0x0000000000000077, R13=0x00007000045a0670, R14=0x00007fd9741795c8, R15=0x000000010a93be38
RIP=0x000000010a381a60, EFLAGS=0x0000000000010202, ERR=0x0000000000000007
  TRAPNO=0x000000000000000e

Top of Stack: (sp=0x00007000045a0600)
0x00007000045a0600:   00007000045a0630 000000010a1b4a26
0x00007000045a0610:   0000000000000021 00007fd97417aa78
0x00007000045a0620:   0000000000000527 00007000045a08d0
0x00007000045a0630:   00007000045a06f0 000000010a4f9608
0x00007000045a0640:   00007000045a0660 00007fd97351aa90
0x00007000045a0650:   00007fd973ae7800 00007fd973ae7850
0x00007000045a0660:   00007fd973aef7e8 0000000000253280
0x00007000045a0670:   000000010a8df9d8 00007fd97351aa90
0x00007000045a0680:   00007fd900000040 00007fd9752edb40
0x00007000045a0690:   0000000000000001 0000000000000000
0x00007000045a06a0:   0000000000000001 00007000045a08d0
0x00007000045a06b0:   00007fd973b42308 0000000000000000
0x00007000045a06c0:   0000000000000001 0000000000002061
0x00007000045a06d0:   00007000045a2328 00007000045a0938
0x00007000045a06e0:   00007000045a08d0 00007000045a0708
0x00007000045a06f0:   00007000045a0a80 000000010a344863
0x00007000045a0700:   00007000045a0720 000000010a8b8a30
0x00007000045a0710:   0000700000000009 00007000045a3040
0x00007000045a0720:   0000000000000000 0000000100000000
0x00007000045a0730:   000000010a8df9d8 00007fd97351aa90
0x00007000045a0740:   0000700000000002 00007fd973b26550
0x00007000045a0750:   00007000045a2328 00000000deadbeef
0x00007000045a0760:   00007000045a0ab0 0000000000000000
0x00007000045a0770:   00007000045a08d0 00007000045a0890
0x00007000045a0780:   00007000045a07b0 000000010a8df9d8
0x00007000045a0790:   00007fd97351aa90 0000700000000002
0x00007000045a07a0:   00007fd973b26560 000000010a8df9d8
0x00007000045a07b0:   00007fd97351aa90 00007fff00000002
0x00007000045a07c0:   00007fd973b26570 0000000000000000
0x00007000045a07d0:   0000000000000000 0000000000002061
0x00007000045a07e0:   00007fd974c63c10 00007fff405391f5
0x00007000045a07f0:   0000000000002061 000040c200002062 

Instructions: (pc=0x000000010a381a60)
0x000000010a381960:   55 48 89 e5 53 50 48 8d 3d f3 d2 5a 00 ff 17 48
0x000000010a381970:   8b 00 48 8b 80 c8 04 00 00 48 8b 98 88 00 00 00
0x000000010a381980:   48 8b 83 88 08 00 00 48 85 c0 75 0c e8 5b ff ff
0x000000010a381990:   ff 48 8b 83 88 08 00 00 48 8b 08 48 89 8b 88 08
0x000000010a3819a0:   00 00 31 c9 48 89 48 18 48 89 48 10 48 89 48 08
0x000000010a3819b0:   48 89 08 48 83 c4 08 5b 5d c3 55 48 89 e5 41 57
0x000000010a3819c0:   41 56 53 50 41 89 f7 49 89 fe 48 8d 3d 8f d2 5a
0x000000010a3819d0:   00 ff 17 48 8b 00 48 8b 80 c8 04 00 00 48 8b 98
0x000000010a3819e0:   88 00 00 00 48 8b 83 88 08 00 00 48 85 c0 75 0c
0x000000010a3819f0:   e8 f7 fe ff ff 48 8b 83 88 08 00 00 48 8b 08 48
0x000000010a381a00:   89 8b 88 08 00 00 31 c9 48 89 48 18 48 89 48 10
0x000000010a381a10:   48 89 48 08 48 89 08 41 c1 ef 08 49 8b 4e 08 4a
0x000000010a381a20:   89 04 f9 48 83 c4 08 5b 41 5e 41 5f 5d c3 55 48
0x000000010a381a30:   89 e5 48 89 f9 48 8b 41 08 89 f2 48 8b 34 d0 48
0x000000010a381a40:   8d 3d 1a d2 5a 00 ff 17 48 8b 38 48 8b bf c8 04
0x000000010a381a50:   00 00 48 8b bf 88 00 00 00 48 8b bf 88 08 00 00
0x000000010a381a60:   48 89 3e 48 8b 00 48 8b 80 c8 04 00 00 48 8b 80
0x000000010a381a70:   88 00 00 00 48 89 b0 88 08 00 00 48 8b 41 08 48
0x000000010a381a80:   8d 0d b2 a3 5b 00 48 89 0c d0 5d c3 55 48 89 e5
0x000000010a381a90:   41 57 41 56 41 55 41 54 53 48 81 ec b8 00 00 00
0x000000010a381aa0:   4c 89 4d a8 89 4d d4 89 f0 48 c1 e0 05 48 8d 34
0x000000010a381ab0:   80 49 8b 40 10 4c 89 45 b0 49 8b 48 20 48 89 4d
0x000000010a381ac0:   c8 89 d1 48 c1 e1 05 48 8d 14 89 8b 0c 10 3b 0c
0x000000010a381ad0:   30 48 89 75 c0 48 8d 0c 30 48 89 55 a0 48 8d 1c
0x000000010a381ae0:   10 48 89 d8 48 0f 47 c1 48 89 45 98 48 0f 46 d9
0x000000010a381af0:   48 89 7d b8 e8 ef 2e e3 ff 31 c0 39 03 89 85 28
0x000000010a381b00:   ff ff ff 74 46 48 b8 00 00 00 00 08 00 00 00 48
0x000000010a381b10:   89 85 2c ff ff ff c7 85 40 ff ff ff 00 00 00 00
0x000000010a381b20:   8b 83 90 00 00 00 89 85 50 ff ff ff 48 c7 85 38
0x000000010a381b30:   ff ff ff 00 00 00 00 48 8b 43 08 48 89 85 48 ff
0x000000010a381b40:   ff ff 48 89 9d 58 ff ff ff eb 1b c7 85 30 ff ff
0x000000010a381b50:   ff 08 00 00 00 b8 01 00 00 00 89 85 40 ff ff ff 


Stack slot to memory mapping:
stack at sp + 0 slots: 0x00007000045a0630 is pointing into the stack for thread: 0x00007fd974826000
stack at sp + 1 slots: 0x000000010a1b4a26: _ZN8IndexSet5clearEv+0x3e in /Applications/IntelliJ IDEA CE.app/Contents/jbr/Contents/Home/lib/server/libjvm.dylib at 0x000000010a000000
stack at sp + 2 slots: 0x0000000000000021 is an unknown value
stack at sp + 3 slots: 0x00007fd97417aa78 points into unknown readable memory: 00 00 00 00 d9 7f 00 00
stack at sp + 4 slots: 0x0000000000000527 is an unknown value
stack at sp + 5 slots: 0x00007000045a08d0 is pointing into the stack for thread: 0x00007fd974826000
stack at sp + 6 slots: 0x00007000045a06f0 is pointing into the stack for thread: 0x00007fd974826000
stack at sp + 7 slots: 0x000000010a4f9608: _ZN9PhaseLive7computeEj+0x604 in /Applications/IntelliJ IDEA CE.app/Contents/jbr/Contents/Home/lib/server/libjvm.dylib at 0x000000010a000000


---------------  P R O C E S S  ---------------

Threads class SMR info:
_java_thread_list=0x00007fd976a05db0, length=13, elements={
0x00007fd97400b800, 0x00007fd975088000, 0x00007fd974044800, 0x00007fd97482d000,
0x00007fd974826000, 0x00007fd974834000, 0x00007fd974835000, 0x00007fd97401c800,
0x00007fd9748ba800, 0x00007fd973821800, 0x00007fd973979000, 0x00007fd97522e800,
0x00007fd974234000
}

Java Threads: ( => current thread )
  0x00007fd97400b800 JavaThread "main" [_thread_in_vm, id=6147, stack(0x00007000038fd000,0x00007000039fd000)]
  0x00007fd975088000 JavaThread "Reference Handler" daemon [_thread_blocked, id=18691, stack(0x0000700004012000,0x0000700004112000)]
  0x00007fd974044800 JavaThread "Finalizer" daemon [_thread_blocked, id=18435, stack(0x0000700004115000,0x0000700004215000)]
  0x00007fd97482d000 JavaThread "Signal Dispatcher" daemon [_thread_blocked, id=16131, stack(0x00007000043a1000,0x00007000044a1000)]
=>0x00007fd974826000 JavaThread "C2 CompilerThread0" daemon [_thread_in_native, id=43267, stack(0x00007000044a4000,0x00007000045a4000)]
  0x00007fd974834000 JavaThread "C1 CompilerThread0" daemon [_thread_blocked, id=22019, stack(0x00007000045a7000,0x00007000046a7000)]
  0x00007fd974835000 JavaThread "Sweeper thread" daemon [_thread_blocked, id=41987, stack(0x00007000046aa000,0x00007000047aa000)]
  0x00007fd97401c800 JavaThread "Common-Cleaner" daemon [_thread_blocked, id=41219, stack(0x00007000047ad000,0x00007000048ad000)]
  0x00007fd9748ba800 JavaThread "Monitor Ctrl-Break" daemon [_thread_in_native, id=22787, stack(0x00007000048b0000,0x00007000049b0000)]
  0x00007fd973821800 JavaThread "Service Thread" daemon [_thread_blocked, id=23299, stack(0x00007000049b3000,0x0000700004ab3000)]
  0x00007fd973979000 JavaThread "Attach Listener" daemon [_thread_blocked, id=24323, stack(0x0000700004dbf000,0x0000700004ebf000)]
  0x00007fd97522e800 JavaThread "mysql-cj-abandoned-connection-cleanup" daemon [_thread_blocked, id=24835, stack(0x0000700004ec2000,0x0000700004fc2000)]
  0x00007fd974234000 JavaThread "pool-1-thread-1" [_thread_blocked, id=25091, stack(0x0000700004fc5000,0x00007000050c5000)]

Other Threads:
  0x00007fd974031800 VMThread "VM Thread" [stack: 0x0000700003f0f000,0x000070000400f000] [id=14083]
  0x00007fd97380f000 WatcherThread [stack: 0x0000700004ab6000,0x0000700004bb6000] [id=23555]
  0x00007fd975011800 GCTaskThread "GC Thread#0" [stack: 0x0000700003a00000,0x0000700003b00000] [id=11779]
  0x00007fd974839800 GCTaskThread "GC Thread#1" [stack: 0x0000700004bb9000,0x0000700004cb9000] [id=40195]
  0x00007fd97486b000 GCTaskThread "GC Thread#2" [stack: 0x0000700004cbc000,0x0000700004dbc000] [id=23811]
  0x00007fd973b94000 GCTaskThread "GC Thread#3" [stack: 0x00007000050c8000,0x00007000051c8000] [id=25603]
  0x00007fd975030800 ConcurrentGCThread "G1 Main Marker" [stack: 0x0000700003b03000,0x0000700003c03000] [id=12035]
  0x00007fd975031800 ConcurrentGCThread "G1 Conc#0" [stack: 0x0000700003c06000,0x0000700003d06000] [id=12803]
  0x00007fd974008800 ConcurrentGCThread "G1 Refine#0" [stack: 0x0000700003d09000,0x0000700003e09000] [id=20227]
  0x00007fd97400c000 ConcurrentGCThread "G1 Young RemSet Sampling" [stack: 0x0000700003e0c000,0x0000700003f0c000] [id=19971]

Threads with active compile tasks:
C2 CompilerThread0   3415 1577   !   4       java.net.URL::<init> (543 bytes)

VM state:not at safepoint (normal execution)

VM Mutex/Monitor currently owned by a thread: None

Heap address: 0x0000000780000000, size: 2048 MB, Compressed Oops mode: Zero based, Oop shift amount: 3
Narrow klass base: 0x0000000800000000, Narrow klass shift: 0
Compressed class space size: 1073741824 Address: 0x0000000800000000

Heap:
 garbage-first heap   total 131072K, used 35738K [0x0000000780000000, 0x0000000800000000)
  region size 1024K, 35 young (35840K), 6 survivors (6144K)
 Metaspace       used 27593K, capacity 27925K, committed 28416K, reserved 1075200K
  class space    used 3426K, capacity 3536K, committed 3584K, reserved 1048576K
Heap Regions: E=young(eden), S=young(survivor), O=old, HS=humongous(starts), HC=humongous(continues), CS=collection set, F=free, A=archive, TAMS=top-at-mark-start (previous, next)
|   0|0x0000000780000000, 0x0000000780100000, 0x0000000780100000|100%|HS|  |TAMS 0x0000000780100000, 0x0000000780000000| Complete 
|   1|0x0000000780100000, 0x0000000780117a00, 0x0000000780200000|  9%| O|  |TAMS 0x0000000780117a00, 0x0000000780100000| Untracked 
|   2|0x0000000780200000, 0x0000000780200000, 0x0000000780300000|  0%| F|  |TAMS 0x0000000780200000, 0x0000000780200000| Untracked 
|   3|0x0000000780300000, 0x0000000780300000, 0x0000000780400000|  0%| F|  |TAMS 0x0000000780300000, 0x0000000780300000| Untracked 
|   4|0x0000000780400000, 0x0000000780400000, 0x0000000780500000|  0%| F|  |TAMS 0x0000000780400000, 0x0000000780400000| Untracked 
|   5|0x0000000780500000, 0x0000000780500000, 0x0000000780600000|  0%| F|  |TAMS 0x0000000780500000, 0x0000000780500000| Untracked 
|   6|0x0000000780600000, 0x0000000780600000, 0x0000000780700000|  0%| F|  |TAMS 0x0000000780600000, 0x0000000780600000| Untracked 
|   7|0x0000000780700000, 0x0000000780700000, 0x0000000780800000|  0%| F|  |TAMS 0x0000000780700000, 0x0000000780700000| Untracked 
|   8|0x0000000780800000, 0x0000000780800000, 0x0000000780900000|  0%| F|  |TAMS 0x0000000780800000, 0x0000000780800000| Untracked 
|   9|0x0000000780900000, 0x0000000780900000, 0x0000000780a00000|  0%| F|  |TAMS 0x0000000780900000, 0x0000000780900000| Untracked 
|  10|0x0000000780a00000, 0x0000000780a00000, 0x0000000780b00000|  0%| F|  |TAMS 0x0000000780a00000, 0x0000000780a00000| Untracked 
|  11|0x0000000780b00000, 0x0000000780b00000, 0x0000000780c00000|  0%| F|  |TAMS 0x0000000780b00000, 0x0000000780b00000| Untracked 
|  12|0x0000000780c00000, 0x0000000780c00000, 0x0000000780d00000|  0%| F|  |TAMS 0x0000000780c00000, 0x0000000780c00000| Untracked 
|  13|0x0000000780d00000, 0x0000000780d00000, 0x0000000780e00000|  0%| F|  |TAMS 0x0000000780d00000, 0x0000000780d00000| Untracked 
|  14|0x0000000780e00000, 0x0000000780e00000, 0x0000000780f00000|  0%| F|  |TAMS 0x0000000780e00000, 0x0000000780e00000| Untracked 
|  15|0x0000000780f00000, 0x0000000780f00000, 0x0000000781000000|  0%| F|  |TAMS 0x0000000780f00000, 0x0000000780f00000| Untracked 
|  16|0x0000000781000000, 0x0000000781000000, 0x0000000781100000|  0%| F|  |TAMS 0x0000000781000000, 0x0000000781000000| Untracked 
|  17|0x0000000781100000, 0x0000000781100000, 0x0000000781200000|  0%| F|  |TAMS 0x0000000781100000, 0x0000000781100000| Untracked 
|  18|0x0000000781200000, 0x0000000781200000, 0x0000000781300000|  0%| F|  |TAMS 0x0000000781200000, 0x0000000781200000| Untracked 
|  19|0x0000000781300000, 0x0000000781300000, 0x0000000781400000|  0%| F|  |TAMS 0x0000000781300000, 0x0000000781300000| Untracked 
|  20|0x0000000781400000, 0x0000000781400000, 0x0000000781500000|  0%| F|  |TAMS 0x0000000781400000, 0x0000000781400000| Untracked 
|  21|0x0000000781500000, 0x0000000781500000, 0x0000000781600000|  0%| F|  |TAMS 0x0000000781500000, 0x0000000781500000| Untracked 
|  22|0x0000000781600000, 0x0000000781600000, 0x0000000781700000|  0%| F|  |TAMS 0x0000000781600000, 0x0000000781600000| Untracked 
|  23|0x0000000781700000, 0x0000000781700000, 0x0000000781800000|  0%| F|  |TAMS 0x0000000781700000, 0x0000000781700000| Untracked 
|  24|0x0000000781800000, 0x0000000781800000, 0x0000000781900000|  0%| F|  |TAMS 0x0000000781800000, 0x0000000781800000| Untracked 
|  25|0x0000000781900000, 0x0000000781900000, 0x0000000781a00000|  0%| F|  |TAMS 0x0000000781900000, 0x0000000781900000| Untracked 
|  26|0x0000000781a00000, 0x0000000781a00000, 0x0000000781b00000|  0%| F|  |TAMS 0x0000000781a00000, 0x0000000781a00000| Untracked 
|  27|0x0000000781b00000, 0x0000000781b00000, 0x0000000781c00000|  0%| F|  |TAMS 0x0000000781b00000, 0x0000000781b00000| Untracked 
|  28|0x0000000781c00000, 0x0000000781c00000, 0x0000000781d00000|  0%| F|  |TAMS 0x0000000781c00000, 0x0000000781c00000| Untracked 
|  29|0x0000000781d00000, 0x0000000781d00000, 0x0000000781e00000|  0%| F|  |TAMS 0x0000000781d00000, 0x0000000781d00000| Untracked 
|  30|0x0000000781e00000, 0x0000000781e00000, 0x0000000781f00000|  0%| F|  |TAMS 0x0000000781e00000, 0x0000000781e00000| Untracked 
|  31|0x0000000781f00000, 0x0000000781f00000, 0x0000000782000000|  0%| F|  |TAMS 0x0000000781f00000, 0x0000000781f00000| Untracked 
|  32|0x0000000782000000, 0x0000000782000000, 0x0000000782100000|  0%| F|  |TAMS 0x0000000782000000, 0x0000000782000000| Untracked 
|  33|0x0000000782100000, 0x0000000782100000, 0x0000000782200000|  0%| F|  |TAMS 0x0000000782100000, 0x0000000782100000| Untracked 
|  34|0x0000000782200000, 0x0000000782200000, 0x0000000782300000|  0%| F|  |TAMS 0x0000000782200000, 0x0000000782200000| Untracked 
|  35|0x0000000782300000, 0x0000000782300000, 0x0000000782400000|  0%| F|  |TAMS 0x0000000782300000, 0x0000000782300000| Untracked 
|  36|0x0000000782400000, 0x0000000782400000, 0x0000000782500000|  0%| F|  |TAMS 0x0000000782400000, 0x0000000782400000| Untracked 
|  37|0x0000000782500000, 0x0000000782500000, 0x0000000782600000|  0%| F|  |TAMS 0x0000000782500000, 0x0000000782500000| Untracked 
|  38|0x0000000782600000, 0x0000000782600000, 0x0000000782700000|  0%| F|  |TAMS 0x0000000782600000, 0x0000000782600000| Untracked 
|  39|0x0000000782700000, 0x0000000782700000, 0x0000000782800000|  0%| F|  |TAMS 0x0000000782700000, 0x0000000782700000| Untracked 
|  40|0x0000000782800000, 0x0000000782800000, 0x0000000782900000|  0%| F|  |TAMS 0x0000000782800000, 0x0000000782800000| Untracked 
|  41|0x0000000782900000, 0x0000000782900000, 0x0000000782a00000|  0%| F|  |TAMS 0x0000000782900000, 0x0000000782900000| Untracked 
|  42|0x0000000782a00000, 0x0000000782a00000, 0x0000000782b00000|  0%| F|  |TAMS 0x0000000782a00000, 0x0000000782a00000| Untracked 
|  43|0x0000000782b00000, 0x0000000782b00000, 0x0000000782c00000|  0%| F|  |TAMS 0x0000000782b00000, 0x0000000782b00000| Untracked 
|  44|0x0000000782c00000, 0x0000000782c00000, 0x0000000782d00000|  0%| F|  |TAMS 0x0000000782c00000, 0x0000000782c00000| Untracked 
|  45|0x0000000782d00000, 0x0000000782d00000, 0x0000000782e00000|  0%| F|  |TAMS 0x0000000782d00000, 0x0000000782d00000| Untracked 
|  46|0x0000000782e00000, 0x0000000782e00000, 0x0000000782f00000|  0%| F|  |TAMS 0x0000000782e00000, 0x0000000782e00000| Untracked 
|  47|0x0000000782f00000, 0x0000000782f00000, 0x0000000783000000|  0%| F|  |TAMS 0x0000000782f00000, 0x0000000782f00000| Untracked 
|  48|0x0000000783000000, 0x0000000783000000, 0x0000000783100000|  0%| F|  |TAMS 0x0000000783000000, 0x0000000783000000| Untracked 
|  49|0x0000000783100000, 0x0000000783100000, 0x0000000783200000|  0%| F|  |TAMS 0x0000000783100000, 0x0000000783100000| Untracked 
|  50|0x0000000783200000, 0x0000000783200000, 0x0000000783300000|  0%| F|  |TAMS 0x0000000783200000, 0x0000000783200000| Untracked 
|  51|0x0000000783300000, 0x0000000783300000, 0x0000000783400000|  0%| F|  |TAMS 0x0000000783300000, 0x0000000783300000| Untracked 
|  52|0x0000000783400000, 0x0000000783400000, 0x0000000783500000|  0%| F|  |TAMS 0x0000000783400000, 0x0000000783400000| Untracked 
|  53|0x0000000783500000, 0x0000000783500000, 0x0000000783600000|  0%| F|  |TAMS 0x0000000783500000, 0x0000000783500000| Untracked 
|  54|0x0000000783600000, 0x0000000783600000, 0x0000000783700000|  0%| F|  |TAMS 0x0000000783600000, 0x0000000783600000| Untracked 
|  55|0x0000000783700000, 0x00000007837cf0c0, 0x0000000783800000| 80%| S|CS|TAMS 0x0000000783700000, 0x0000000783700000| Complete 
|  56|0x0000000783800000, 0x0000000783900000, 0x0000000783900000|100%| S|CS|TAMS 0x0000000783800000, 0x0000000783800000| Complete 
|  57|0x0000000783900000, 0x0000000783a00000, 0x0000000783a00000|100%| S|CS|TAMS 0x0000000783900000, 0x0000000783900000| Complete 
|  58|0x0000000783a00000, 0x0000000783b00000, 0x0000000783b00000|100%| S|CS|TAMS 0x0000000783a00000, 0x0000000783a00000| Complete 
|  59|0x0000000783b00000, 0x0000000783c00000, 0x0000000783c00000|100%| S|CS|TAMS 0x0000000783b00000, 0x0000000783b00000| Complete 
|  60|0x0000000783c00000, 0x0000000783d00000, 0x0000000783d00000|100%| S|CS|TAMS 0x0000000783c00000, 0x0000000783c00000| Complete 
|  61|0x0000000783d00000, 0x0000000783d00000, 0x0000000783e00000|  0%| F|  |TAMS 0x0000000783d00000, 0x0000000783d00000| Untracked 
|  62|0x0000000783e00000, 0x0000000783e00000, 0x0000000783f00000|  0%| F|  |TAMS 0x0000000783e00000, 0x0000000783e00000| Untracked 
|  63|0x0000000783f00000, 0x0000000783f00000, 0x0000000784000000|  0%| F|  |TAMS 0x0000000783f00000, 0x0000000783f00000| Untracked 
|  64|0x0000000784000000, 0x0000000784000000, 0x0000000784100000|  0%| F|  |TAMS 0x0000000784000000, 0x0000000784000000| Untracked 
|  65|0x0000000784100000, 0x0000000784100000, 0x0000000784200000|  0%| F|  |TAMS 0x0000000784100000, 0x0000000784100000| Untracked 
|  66|0x0000000784200000, 0x0000000784200000, 0x0000000784300000|  0%| F|  |TAMS 0x0000000784200000, 0x0000000784200000| Untracked 
|  67|0x0000000784300000, 0x0000000784300000, 0x0000000784400000|  0%| F|  |TAMS 0x0000000784300000, 0x0000000784300000| Untracked 
|  68|0x0000000784400000, 0x0000000784400000, 0x0000000784500000|  0%| F|  |TAMS 0x0000000784400000, 0x0000000784400000| Untracked 
|  69|0x0000000784500000, 0x0000000784500000, 0x0000000784600000|  0%| F|  |TAMS 0x0000000784500000, 0x0000000784500000| Untracked 
|  70|0x0000000784600000, 0x0000000784600000, 0x0000000784700000|  0%| F|  |TAMS 0x0000000784600000, 0x0000000784600000| Untracked 
|  71|0x0000000784700000, 0x0000000784700000, 0x0000000784800000|  0%| F|  |TAMS 0x0000000784700000, 0x0000000784700000| Untracked 
|  72|0x0000000784800000, 0x0000000784800000, 0x0000000784900000|  0%| F|  |TAMS 0x0000000784800000, 0x0000000784800000| Untracked 
|  73|0x0000000784900000, 0x0000000784900000, 0x0000000784a00000|  0%| F|  |TAMS 0x0000000784900000, 0x0000000784900000| Untracked 
|  74|0x0000000784a00000, 0x0000000784a00000, 0x0000000784b00000|  0%| F|  |TAMS 0x0000000784a00000, 0x0000000784a00000| Untracked 
|  75|0x0000000784b00000, 0x0000000784b00000, 0x0000000784c00000|  0%| F|  |TAMS 0x0000000784b00000, 0x0000000784b00000| Untracked 
|  76|0x0000000784c00000, 0x0000000784c00000, 0x0000000784d00000|  0%| F|  |TAMS 0x0000000784c00000, 0x0000000784c00000| Untracked 
|  77|0x0000000784d00000, 0x0000000784d00000, 0x0000000784e00000|  0%| F|  |TAMS 0x0000000784d00000, 0x0000000784d00000| Untracked 
|  78|0x0000000784e00000, 0x0000000784e00000, 0x0000000784f00000|  0%| F|  |TAMS 0x0000000784e00000, 0x0000000784e00000| Untracked 
|  79|0x0000000784f00000, 0x0000000784f00000, 0x0000000785000000|  0%| F|  |TAMS 0x0000000784f00000, 0x0000000784f00000| Untracked 
|  80|0x0000000785000000, 0x0000000785000000, 0x0000000785100000|  0%| F|  |TAMS 0x0000000785000000, 0x0000000785000000| Untracked 
|  81|0x0000000785100000, 0x0000000785100000, 0x0000000785200000|  0%| F|  |TAMS 0x0000000785100000, 0x0000000785100000| Untracked 
|  82|0x0000000785200000, 0x0000000785200000, 0x0000000785300000|  0%| F|  |TAMS 0x0000000785200000, 0x0000000785200000| Untracked 
|  83|0x0000000785300000, 0x0000000785300000, 0x0000000785400000|  0%| F|  |TAMS 0x0000000785300000, 0x0000000785300000| Untracked 
|  84|0x0000000785400000, 0x0000000785400000, 0x0000000785500000|  0%| F|  |TAMS 0x0000000785400000, 0x0000000785400000| Untracked 
|  85|0x0000000785500000, 0x0000000785500000, 0x0000000785600000|  0%| F|  |TAMS 0x0000000785500000, 0x0000000785500000| Untracked 
|  86|0x0000000785600000, 0x0000000785600000, 0x0000000785700000|  0%| F|  |TAMS 0x0000000785600000, 0x0000000785600000| Untracked 
|  87|0x0000000785700000, 0x0000000785700000, 0x0000000785800000|  0%| F|  |TAMS 0x0000000785700000, 0x0000000785700000| Untracked 
|  88|0x0000000785800000, 0x0000000785800000, 0x0000000785900000|  0%| F|  |TAMS 0x0000000785800000, 0x0000000785800000| Untracked 
|  89|0x0000000785900000, 0x0000000785900000, 0x0000000785a00000|  0%| F|  |TAMS 0x0000000785900000, 0x0000000785900000| Untracked 
|  90|0x0000000785a00000, 0x0000000785a00000, 0x0000000785b00000|  0%| F|  |TAMS 0x0000000785a00000, 0x0000000785a00000| Untracked 
|  91|0x0000000785b00000, 0x0000000785b00000, 0x0000000785c00000|  0%| F|  |TAMS 0x0000000785b00000, 0x0000000785b00000| Untracked 
|  92|0x0000000785c00000, 0x0000000785c00000, 0x0000000785d00000|  0%| F|  |TAMS 0x0000000785c00000, 0x0000000785c00000| Untracked 
|  93|0x0000000785d00000, 0x0000000785d00000, 0x0000000785e00000|  0%| F|  |TAMS 0x0000000785d00000, 0x0000000785d00000| Untracked 
|  94|0x0000000785e00000, 0x0000000785e00000, 0x0000000785f00000|  0%| F|  |TAMS 0x0000000785e00000, 0x0000000785e00000| Untracked 
|  95|0x0000000785f00000, 0x0000000785f00000, 0x0000000786000000|  0%| F|  |TAMS 0x0000000785f00000, 0x0000000785f00000| Untracked 
|  96|0x0000000786000000, 0x0000000786000000, 0x0000000786100000|  0%| F|  |TAMS 0x0000000786000000, 0x0000000786000000| Untracked 
|  97|0x0000000786100000, 0x0000000786100000, 0x0000000786200000|  0%| F|  |TAMS 0x0000000786100000, 0x0000000786100000| Untracked 
|  98|0x0000000786200000, 0x0000000786200000, 0x0000000786300000|  0%| F|  |TAMS 0x0000000786200000, 0x0000000786200000| Untracked 
|  99|0x0000000786300000, 0x0000000786400000, 0x0000000786400000|100%| E|  |TAMS 0x0000000786300000, 0x0000000786300000| Complete 
| 100|0x0000000786400000, 0x0000000786500000, 0x0000000786500000|100%| E|CS|TAMS 0x0000000786400000, 0x0000000786400000| Complete 
| 101|0x0000000786500000, 0x0000000786600000, 0x0000000786600000|100%| E|CS|TAMS 0x0000000786500000, 0x0000000786500000| Complete 
| 102|0x0000000786600000, 0x0000000786700000, 0x0000000786700000|100%| E|CS|TAMS 0x0000000786600000, 0x0000000786600000| Complete 
| 103|0x0000000786700000, 0x0000000786800000, 0x0000000786800000|100%| E|CS|TAMS 0x0000000786700000, 0x0000000786700000| Complete 
| 104|0x0000000786800000, 0x0000000786900000, 0x0000000786900000|100%| E|CS|TAMS 0x0000000786800000, 0x0000000786800000| Complete 
| 105|0x0000000786900000, 0x0000000786a00000, 0x0000000786a00000|100%| E|CS|TAMS 0x0000000786900000, 0x0000000786900000| Complete 
| 106|0x0000000786a00000, 0x0000000786b00000, 0x0000000786b00000|100%| E|CS|TAMS 0x0000000786a00000, 0x0000000786a00000| Complete 
| 107|0x0000000786b00000, 0x0000000786c00000, 0x0000000786c00000|100%| E|CS|TAMS 0x0000000786b00000, 0x0000000786b00000| Complete 
| 108|0x0000000786c00000, 0x0000000786d00000, 0x0000000786d00000|100%| E|CS|TAMS 0x0000000786c00000, 0x0000000786c00000| Complete 
| 109|0x0000000786d00000, 0x0000000786e00000, 0x0000000786e00000|100%| E|CS|TAMS 0x0000000786d00000, 0x0000000786d00000| Complete 
| 110|0x0000000786e00000, 0x0000000786f00000, 0x0000000786f00000|100%| E|CS|TAMS 0x0000000786e00000, 0x0000000786e00000| Complete 
| 111|0x0000000786f00000, 0x0000000787000000, 0x0000000787000000|100%| E|CS|TAMS 0x0000000786f00000, 0x0000000786f00000| Complete 
| 112|0x0000000787000000, 0x0000000787100000, 0x0000000787100000|100%| E|CS|TAMS 0x0000000787000000, 0x0000000787000000| Complete 
| 113|0x0000000787100000, 0x0000000787200000, 0x0000000787200000|100%| E|CS|TAMS 0x0000000787100000, 0x0000000787100000| Complete 
| 114|0x0000000787200000, 0x0000000787300000, 0x0000000787300000|100%| E|CS|TAMS 0x0000000787200000, 0x0000000787200000| Complete 
| 115|0x0000000787300000, 0x0000000787400000, 0x0000000787400000|100%| E|CS|TAMS 0x0000000787300000, 0x0000000787300000| Complete 
| 116|0x0000000787400000, 0x0000000787500000, 0x0000000787500000|100%| E|CS|TAMS 0x0000000787400000, 0x0000000787400000| Complete 
| 117|0x0000000787500000, 0x0000000787600000, 0x0000000787600000|100%| E|CS|TAMS 0x0000000787500000, 0x0000000787500000| Complete 
| 118|0x0000000787600000, 0x0000000787700000, 0x0000000787700000|100%| E|CS|TAMS 0x0000000787600000, 0x0000000787600000| Complete 
| 119|0x0000000787700000, 0x0000000787800000, 0x0000000787800000|100%| E|CS|TAMS 0x0000000787700000, 0x0000000787700000| Complete 
| 120|0x0000000787800000, 0x0000000787900000, 0x0000000787900000|100%| E|CS|TAMS 0x0000000787800000, 0x0000000787800000| Complete 
| 121|0x0000000787900000, 0x0000000787a00000, 0x0000000787a00000|100%| E|CS|TAMS 0x0000000787900000, 0x0000000787900000| Complete 
| 122|0x0000000787a00000, 0x0000000787b00000, 0x0000000787b00000|100%| E|CS|TAMS 0x0000000787a00000, 0x0000000787a00000| Complete 
| 123|0x0000000787b00000, 0x0000000787c00000, 0x0000000787c00000|100%| E|CS|TAMS 0x0000000787b00000, 0x0000000787b00000| Complete 
| 124|0x0000000787c00000, 0x0000000787d00000, 0x0000000787d00000|100%| E|CS|TAMS 0x0000000787c00000, 0x0000000787c00000| Complete 
| 125|0x0000000787d00000, 0x0000000787e00000, 0x0000000787e00000|100%| E|CS|TAMS 0x0000000787d00000, 0x0000000787d00000| Complete 
| 126|0x0000000787e00000, 0x0000000787f00000, 0x0000000787f00000|100%| E|CS|TAMS 0x0000000787e00000, 0x0000000787e00000| Complete 
| 127|0x0000000787f00000, 0x0000000788000000, 0x0000000788000000|100%| E|CS|TAMS 0x0000000787f00000, 0x0000000787f00000| Complete 

Card table byte_map: [0x000000010eb04000,0x000000010ef04000] _byte_map_base: 0x000000010af04000

Marking Bits (Prev, Next): (CMBitMap*) 0x00007fd975027e50, (CMBitMap*) 0x00007fd975027e18
 Prev Bits: [0x0000000120763000, 0x0000000122763000)
 Next Bits: [0x000000010f304000, 0x0000000111304000)

Polling page: 0x00000001096df000

Metaspace:

Usage:
  Non-class:     23.82 MB capacity,    23.63 MB (>99%) used,   152.62 KB ( <1%) free+waste,    40.81 KB ( <1%) overhead. 
      Class:      3.45 MB capacity,     3.35 MB ( 97%) used,    85.56 KB (  2%) free+waste,    18.06 KB ( <1%) overhead. 
       Both:     27.27 MB capacity,    26.98 MB ( 99%) used,   238.19 KB ( <1%) free+waste,    58.88 KB ( <1%) overhead. 

Virtual space:
  Non-class space:       26.00 MB reserved,      24.50 MB ( 94%) committed 
      Class space:        1.00 GB reserved,       3.50 MB ( <1%) committed 
             Both:        1.03 GB reserved,      28.00 MB (  3%) committed 

Chunk freelists:
   Non-Class:  383.00 KB
       Class:  16.00 KB
        Both:  399.00 KB

MaxMetaspaceSize: unlimited
CompressedClassSpaceSize: 1.00 GB

CodeHeap 'non-profiled nmethods': size=120032Kb used=590Kb max_used=590Kb free=119441Kb
 bounds [0x000000011922b000, 0x000000011949b000, 0x0000000120763000]
CodeHeap 'profiled nmethods': size=120032Kb used=3017Kb max_used=3017Kb free=117015Kb
 bounds [0x0000000111cf3000, 0x0000000111ff3000, 0x000000011922b000]
CodeHeap 'non-nmethods': size=5696Kb used=1154Kb max_used=1166Kb free=4541Kb
 bounds [0x0000000111763000, 0x00000001119d3000, 0x0000000111cf3000]
 total_blobs=2167 nmethods=1654 adapters=425
 compilation: enabled
              stopped_count=0, restarted_count=0
 full_count=0

Compilation events (20 events):
Event: 3.390 Thread 0x00007fd974834000 1661       3       net.bytebuddy.description.type.TypeDescription$Generic$LazyProjection::<init> (5 bytes)
Event: 3.390 Thread 0x00007fd974834000 nmethod 1661 0x0000000111fe1f10 code [0x0000000111fe20e0, 0x0000000111fe22f0]
Event: 3.390 Thread 0x00007fd974834000 1664       3       net.bytebuddy.description.type.TypeDescription$Generic$LazyProjection$WithEagerNavigation::<init> (5 bytes)
Event: 3.390 Thread 0x00007fd974834000 nmethod 1664 0x0000000111fe2410 code [0x0000000111fe25e0, 0x0000000111fe2850]
Event: 3.390 Thread 0x00007fd974834000 1665       3       net.bytebuddy.description.type.TypeList$Explicit::get (6 bytes)
Event: 3.390 Thread 0x00007fd974834000 nmethod 1665 0x0000000111fe2990 code [0x0000000111fe2b60, 0x0000000111fe2ec0]
Event: 3.390 Thread 0x00007fd974834000 1666       3       net.bytebuddy.description.type.TypeList$Explicit::get (14 bytes)
Event: 3.391 Thread 0x00007fd974834000 nmethod 1666 0x0000000111fe3010 code [0x0000000111fe31e0, 0x0000000111fe34c0]
Event: 3.391 Thread 0x00007fd974834000 1660       3       java.util.LinkedHashMap::<init> (10 bytes)
Event: 3.391 Thread 0x00007fd974834000 nmethod 1660 0x0000000111fe3590 code [0x0000000111fe3760, 0x0000000111fe3970]
Event: 3.398 Thread 0x00007fd974834000 1668       3       net.bytebuddy.description.type.TypeDescription$Generic$LazyProjection$WithEagerNavigation$OfAnnotatedElement::<init> (5 bytes)
Event: 3.398 Thread 0x00007fd974834000 nmethod 1668 0x0000000111fe3a90 code [0x0000000111fe3c60, 0x0000000111fe3f30]
Event: 3.398 Thread 0x00007fd974834000 1667       3       net.bytebuddy.description.method.ParameterDescription$AbstractBase::<init> (5 bytes)
Event: 3.398 Thread 0x00007fd974834000 nmethod 1667 0x0000000111fe4090 code [0x0000000111fe4240, 0x0000000111fe43f0]
Event: 3.398 Thread 0x00007fd974834000 1670       3       net.bytebuddy.description.type.TypeDescription$Generic$AbstractBase::asGenericType (2 bytes)
Event: 3.399 Thread 0x00007fd974834000 nmethod 1670 0x0000000111fe4510 code [0x0000000111fe46c0, 0x0000000111fe47b0]
Event: 3.399 Thread 0x00007fd974834000 1671       3       net.bytebuddy.description.method.ParameterDescription$InDefinedShape$AbstractBase::<init> (5 bytes)
Event: 3.399 Thread 0x00007fd974834000 nmethod 1671 0x0000000111fe4890 code [0x0000000111fe4a60, 0x0000000111fe4c70]
Event: 3.399 Thread 0x00007fd974834000 1672       3       net.bytebuddy.description.method.ParameterDescription$ForLoadedParameter::<init> (20 bytes)
Event: 3.399 Thread 0x00007fd974834000 nmethod 1672 0x0000000111fe4d90 code [0x0000000111fe4f60, 0x0000000111fe5290]

GC Heap History (4 events):
Event: 0.592 GC heap before
{Heap before GC invocations=0 (full 0):
 garbage-first heap   total 131072K, used 14336K [0x0000000780000000, 0x0000000800000000)
  region size 1024K, 14 young (14336K), 0 survivors (0K)
 Metaspace       used 8384K, capacity 8460K, committed 8576K, reserved 1056768K
  class space    used 793K, capacity 819K, committed 896K, reserved 1048576K
}
Event: 0.595 GC heap after
{Heap after GC invocations=1 (full 0):
 garbage-first heap   total 131072K, used 3166K [0x0000000780000000, 0x0000000800000000)
  region size 1024K, 2 young (2048K), 2 survivors (2048K)
 Metaspace       used 8384K, capacity 8460K, committed 8576K, reserved 1056768K
  class space    used 793K, capacity 819K, committed 896K, reserved 1048576K
}
Event: 2.461 GC heap before
{Heap before GC invocations=1 (full 0):
 garbage-first heap   total 131072K, used 67678K [0x0000000780000000, 0x0000000800000000)
  region size 1024K, 67 young (68608K), 2 survivors (2048K)
 Metaspace       used 20592K, capacity 20870K, committed 21248K, reserved 1069056K
  class space    used 2418K, capacity 2530K, committed 2560K, reserved 1048576K
}
Event: 2.474 GC heap after
{Heap after GC invocations=2 (full 0):
 garbage-first heap   total 131072K, used 7066K [0x0000000780000000, 0x0000000800000000)
  region size 1024K, 6 young (6144K), 6 survivors (6144K)
 Metaspace       used 20592K, capacity 20870K, committed 21248K, reserved 1069056K
  class space    used 2418K, capacity 2530K, committed 2560K, reserved 1048576K
}

Deoptimization events (20 events):
Event: 1.721 Thread 0x00007fd97400b800 Uncommon trap: trap_request=0xffffff4d fr.pc=0x000000011927fa90 relative=0x00000000000000d0
Event: 1.721 Thread 0x00007fd97400b800 Uncommon trap: reason=unstable_if action=reinterpret pc=0x000000011927fa90 method=java.util.HashMap.hash(Ljava/lang/Object;)I @ 1 c2
Event: 1.721 Thread 0x00007fd97400b800 DEOPT PACKING pc=0x000000011927fa90 sp=0x00007000039fa260
Event: 1.721 Thread 0x00007fd97400b800 DEOPT UNPACKING pc=0x00000001117897a5 sp=0x00007000039fa1c0 mode 2
Event: 1.931 Thread 0x00007fd97522e800 Uncommon trap: trap_request=0xffffff4d fr.pc=0x0000000119249138 relative=0x00000000000009d8
Event: 1.931 Thread 0x00007fd97522e800 Uncommon trap: reason=unstable_if action=reinterpret pc=0x0000000119249138 method=java.util.zip.ZipFile$Source.getEntryPos([BZ)I @ 145 c2
Event: 1.931 Thread 0x00007fd97522e800 DEOPT PACKING pc=0x0000000119249138 sp=0x0000700004fc1530
Event: 1.931 Thread 0x00007fd97522e800 DEOPT UNPACKING pc=0x00000001117897a5 sp=0x0000700004fc14d8 mode 2
Event: 1.932 Thread 0x00007fd97522e800 Uncommon trap: trap_request=0xffffff4d fr.pc=0x0000000119285aec relative=0x00000000000016ec
Event: 1.932 Thread 0x00007fd97522e800 Uncommon trap: reason=unstable_if action=reinterpret pc=0x0000000119285aec method=java.net.URL.<init>(Ljava/net/URL;Ljava/lang/String;Ljava/net/URLStreamHandler;)V @ 57 c2
Event: 1.932 Thread 0x00007fd97522e800 DEOPT PACKING pc=0x0000000119285aec sp=0x0000700004fc1490
Event: 1.932 Thread 0x00007fd97522e800 DEOPT UNPACKING pc=0x00000001117897a5 sp=0x0000700004fc1420 mode 2
Event: 2.402 Thread 0x00007fd97400b800 Uncommon trap: trap_request=0xffffff4d fr.pc=0x000000011922ee78 relative=0x0000000000000058
Event: 2.402 Thread 0x00007fd97400b800 Uncommon trap: reason=unstable_if action=reinterpret pc=0x000000011922ee78 method=java.lang.String.isLatin1()Z @ 10 c2
Event: 2.402 Thread 0x00007fd97400b800 DEOPT PACKING pc=0x000000011922ee78 sp=0x00007000039f8ed0
Event: 2.402 Thread 0x00007fd97400b800 DEOPT UNPACKING pc=0x00000001117897a5 sp=0x00007000039f8e80 mode 2
Event: 2.513 Thread 0x00007fd97400b800 Uncommon trap: trap_request=0xffffffc6 fr.pc=0x000000011927cdb4 relative=0x00000000000011f4
Event: 2.513 Thread 0x00007fd97400b800 Uncommon trap: reason=bimorphic_or_optimized_type_check action=maybe_recompile pc=0x000000011927cdb4 method=java.util.HashMap.putVal(ILjava/lang/Object;Ljava/lang/Object;ZZ)Ljava/lang/Object; @ 203 c2
Event: 2.513 Thread 0x00007fd97400b800 DEOPT PACKING pc=0x000000011927cdb4 sp=0x00007000039f9e20
Event: 2.513 Thread 0x00007fd97400b800 DEOPT UNPACKING pc=0x00000001117897a5 sp=0x00007000039f9dd0 mode 2

Classes redefined (0 events):
No events

Internal exceptions (20 events):
Event: 0.397 Thread 0x00007fd97400b800 Exception <a 'java/security/PrivilegedActionException'{0x0000000787c330f0}> (0x0000000787c330f0) thrown at [./src/hotspot/share/prims/jvm.cpp, line 1297]
Event: 0.397 Thread 0x00007fd97400b800 Exception <a 'java/security/PrivilegedActionException'{0x0000000787c33bb8}> (0x0000000787c33bb8) thrown at [./src/hotspot/share/prims/jvm.cpp, line 1297]
Event: 0.397 Thread 0x00007fd97400b800 Exception <a 'java/security/PrivilegedActionException'{0x0000000787c33e88}> (0x0000000787c33e88) thrown at [./src/hotspot/share/prims/jvm.cpp, line 1297]
Event: 0.397 Thread 0x00007fd97400b800 Exception <a 'java/security/PrivilegedActionException'{0x0000000787c349f8}> (0x0000000787c349f8) thrown at [./src/hotspot/share/prims/jvm.cpp, line 1297]
Event: 0.397 Thread 0x00007fd97400b800 Exception <a 'java/security/PrivilegedActionException'{0x0000000787c34cc8}> (0x0000000787c34cc8) thrown at [./src/hotspot/share/prims/jvm.cpp, line 1297]
Event: 0.397 Thread 0x00007fd97400b800 Exception <a 'java/security/PrivilegedActionException'{0x0000000787c35790}> (0x0000000787c35790) thrown at [./src/hotspot/share/prims/jvm.cpp, line 1297]
Event: 0.397 Thread 0x00007fd97400b800 Exception <a 'java/security/PrivilegedActionException'{0x0000000787c35a60}> (0x0000000787c35a60) thrown at [./src/hotspot/share/prims/jvm.cpp, line 1297]
Event: 0.397 Thread 0x00007fd97400b800 Exception <a 'java/security/PrivilegedActionException'{0x0000000787c36570}> (0x0000000787c36570) thrown at [./src/hotspot/share/prims/jvm.cpp, line 1297]
Event: 0.397 Thread 0x00007fd97400b800 Exception <a 'java/security/PrivilegedActionException'{0x0000000787c36840}> (0x0000000787c36840) thrown at [./src/hotspot/share/prims/jvm.cpp, line 1297]
Event: 0.397 Thread 0x00007fd97400b800 Exception <a 'java/security/PrivilegedActionException'{0x0000000787c37398}> (0x0000000787c37398) thrown at [./src/hotspot/share/prims/jvm.cpp, line 1297]
Event: 0.397 Thread 0x00007fd97400b800 Exception <a 'java/security/PrivilegedActionException'{0x0000000787c37668}> (0x0000000787c37668) thrown at [./src/hotspot/share/prims/jvm.cpp, line 1297]
Event: 0.413 Thread 0x00007fd97400b800 Exception <a 'java/io/FileNotFoundException'{0x0000000787c99968}> (0x0000000787c99968) thrown at [./src/hotspot/share/prims/jni.cpp, line 615]
Event: 0.438 Thread 0x00007fd97400b800 Exception <a 'java/lang/NoSuchMethodError'{0x0000000787cd5360}: 'int java.lang.invoke.DirectMethodHandle$Holder.invokeSpecialIFC(java.lang.Object, java.lang.Object, int)'> (0x0000000787cd5360) thrown at [./src/hotspot/share/interpreter/linkResolver.cpp, line 773]
Event: 1.078 Thread 0x00007fd97400b800 Exception <a 'java/lang/NoSuchMethodError'{0x0000000785d3fab0}: 'java.lang.Object java.lang.invoke.DirectMethodHandle$Holder.invokeStatic(java.lang.Object, java.lang.Object, java.lang.Object, java.lang.Object, java.lang.Object, java.lang.Object, java.lang.Object, java.lang.Object, java.lang.Object, java.lang.Object, java.lang.Object, java.lang.Object, java.lang.Object, java.lang.Object, java.lang.Object)'> (0x0000000785d3fab0) thrown at [./src/hotspot/share/interpreter/linkResolver.cpp, line 773]
Event: 1.081 Thread 0x00007fd97400b800 Exception <a 'java/lang/NoSuchMethodError'{0x0000000785d4df10}: 'java.lang.Object java.lang.invoke.DirectMethodHandle$Holder.invokeStatic(java.lang.Object, java.lang.Object, java.lang.Object, java.lang.Object, java.lang.Object, java.lang.Object, java.lang.Object, java.lang.Object, java.lang.Object, java.lang.Object, java.lang.Object, java.lang.Object, java.lang.Object, java.lang.Object, java.lang.Object, java.lang.Object)'> (0x0000000785d4df10) thrown at [./src/hotspot/share/interpreter/linkResolver.cpp, l
Event: 1.084 Thread 0x00007fd97400b800 Exception <a 'java/lang/NoSuchMethodError'{0x0000000785d5be28}: 'java.lang.Object java.lang.invoke.DirectMethodHandle$Holder.invokeSpecial(java.lang.Object, java.lang.Object, int, int, java.lang.Object, java.lang.Object, java.lang.Object)'> (0x0000000785d5be28) thrown at [./src/hotspot/share/interpreter/linkResolver.cpp, line 773]
Event: 1.084 Thread 0x00007fd97400b800 Exception <a 'java/lang/NoSuchMethodError'{0x0000000785d5f660}: 'java.lang.Object java.lang.invoke.DelegatingMethodHandle$Holder.reinvoke_L(java.lang.Object, int, int, java.lang.Object, java.lang.Object, java.lang.Object)'> (0x0000000785d5f660) thrown at [./src/hotspot/share/interpreter/linkResolver.cpp, line 773]
Event: 1.085 Thread 0x00007fd97400b800 Exception <a 'java/lang/NoSuchMethodError'{0x0000000785d639e8}: 'java.lang.Object java.lang.invoke.DirectMethodHandle$Holder.invokeStatic(java.lang.Object, java.lang.Object, java.lang.Object, java.lang.Object, int)'> (0x0000000785d639e8) thrown at [./src/hotspot/share/interpreter/linkResolver.cpp, line 773]
Event: 1.721 Thread 0x00007fd97400b800 Implicit null exception at 0x000000011927f9f8 to 0x000000011927fa86
Event: 2.095 Thread 0x00007fd97400b800 Exception <a 'java/lang/NoSuchMethodError'{0x000000078477e170}: 'java.lang.Object java.lang.invoke.DirectMethodHandle$Holder.invokeVirtual(java.lang.Object, java.lang.Object, java.lang.Object)'> (0x000000078477e170) thrown at [./src/hotspot/share/interpreter/linkResolver.cpp, line 773]

Events (20 events):
Event: 3.396 loading class net/bytebuddy/dynamic/scaffold/TypeWriter$FieldPool$Record
Event: 3.396 loading class net/bytebuddy/dynamic/scaffold/TypeWriter$FieldPool$Record done
Event: 3.396 loading class net/bytebuddy/matcher/LatentMatcher$ForFieldToken$ResolvedMatcher
Event: 3.396 loading class net/bytebuddy/matcher/LatentMatcher$ForFieldToken$ResolvedMatcher done
Event: 3.397 loading class net/bytebuddy/description/field/FieldDescription$SignatureToken
Event: 3.397 loading class net/bytebuddy/description/field/FieldDescription$SignatureToken done
Event: 3.397 loading class net/bytebuddy/description/type/TypeDescription$Generic$Visitor$Reducing
Event: 3.397 loading class net/bytebuddy/description/type/TypeDescription$Generic$Visitor$Reducing done
Event: 3.397 loading class net/bytebuddy/description/type/TypeVariableToken
Event: 3.397 loading class net/bytebuddy/description/type/TypeVariableToken done
Event: 3.398 loading class net/bytebuddy/dynamic/scaffold/FieldRegistry$Default$Compiled
Event: 3.398 loading class net/bytebuddy/dynamic/scaffold/FieldRegistry$Default$Compiled done
Event: 3.398 loading class net/bytebuddy/dynamic/scaffold/TypeWriter$Default
Event: 3.398 loading class net/bytebuddy/dynamic/scaffold/TypeWriter$Default done
Event: 3.399 loading class net/bytebuddy/dynamic/scaffold/TypeWriter
Event: 3.399 loading class net/bytebuddy/dynamic/scaffold/TypeWriter done
Event: 3.401 loading class net/bytebuddy/dynamic/scaffold/inline/MethodRebaseResolver
Event: 3.401 loading class net/bytebuddy/dynamic/scaffold/inline/MethodRebaseResolver done
Event: 3.402 loading class net/bytebuddy/dynamic/scaffold/TypeWriter$Default$ForCreation
Event: 3.402 loading class net/bytebuddy/dynamic/scaffold/TypeWriter$Default$ForCreation done


Dynamic libraries:
0x00007fff3301a000 	/System/Library/Frameworks/Cocoa.framework/Versions/A/Cocoa
0x00007fff40811000 	/System/Library/Frameworks/Security.framework/Versions/A/Security
0x00007fff31f7f000 	/System/Library/Frameworks/ApplicationServices.framework/Versions/A/ApplicationServices
0x00007fff6d334000 	/usr/lib/libz.1.dylib
0x0000000109670000 	/Applications/IntelliJ IDEA CE.app/Contents/jbr/Contents/Home/lib/jli/libjli.dylib
0x00007fff6adf8000 	/usr/lib/libSystem.B.dylib
0x00007fff3116f000 	/System/Library/Frameworks/AppKit.framework/Versions/C/AppKit
0x00007fff3399e000 	/System/Library/Frameworks/CoreData.framework/Versions/A/CoreData
0x00007fff36579000 	/System/Library/Frameworks/Foundation.framework/Versions/C/Foundation
0x00007fff64e0e000 	/System/Library/PrivateFrameworks/UIFoundation.framework/Versions/A/UIFoundation
0x00007fff5fea2000 	/System/Library/PrivateFrameworks/RemoteViewServices.framework/Versions/A/RemoteViewServices
0x00007fff67968000 	/System/Library/PrivateFrameworks/XCTTargetBootstrap.framework/Versions/A/XCTTargetBootstrap
0x00007fff33d89000 	/System/Library/Frameworks/CoreDisplay.framework/Versions/A/CoreDisplay
0x00007fff39433000 	/System/Library/Frameworks/Metal.framework/Versions/A/Metal
0x00007fff4dea5000 	/System/Library/PrivateFrameworks/DesktopServicesPriv.framework/Versions/A/DesktopServicesPriv
0x00007fff6bf33000 	/usr/lib/liblangid.dylib
0x00007fff4d13a000 	/System/Library/PrivateFrameworks/CoreSVG.framework/Versions/A/CoreSVG
0x00007fff62ffe000 	/System/Library/PrivateFrameworks/SkyLight.framework/Versions/A/SkyLight
0x00007fff3433d000 	/System/Library/Frameworks/CoreGraphics.framework/Versions/A/CoreGraphics
0x00007fff2fb43000 	/System/Library/Frameworks/Accelerate.framework/Versions/A/Accelerate
0x00007fff6d225000 	/usr/lib/libxml2.2.dylib
0x00007fff58e2d000 	/System/Library/PrivateFrameworks/IconServices.framework/Versions/A/IconServices
0x00007fff36d58000 	/System/Library/Frameworks/IOSurface.framework/Versions/A/IOSurface
0x00007fff6a922000 	/usr/lib/libDiagnosticMessagesClient.dylib
0x00007fff4dcff000 	/System/Library/PrivateFrameworks/DFRFoundation.framework/Versions/A/DFRFoundation
0x00007fff6bcc2000 	/usr/lib/libicucore.A.dylib
0x00007fff322b1000 	/System/Library/Frameworks/AudioToolbox.framework/Versions/A/AudioToolbox
0x00007fff32394000 	/System/Library/Frameworks/AudioUnit.framework/Versions/A/AudioUnit
0x00007fff6affa000 	/usr/lib/libauto.dylib
0x00007fff4dda1000 	/System/Library/PrivateFrameworks/DataDetectorsCore.framework/Versions/A/DataDetectorsCore
0x00007fff32b3b000 	/System/Library/Frameworks/Carbon.framework/Versions/A/Frameworks/HIToolbox.framework/Versions/A/HIToolbox
0x00007fff3fa0b000 	/System/Library/Frameworks/QuartzCore.framework/Versions/A/QuartzCore
0x00007fff32e7a000 	/System/Library/Frameworks/Carbon.framework/Versions/A/Frameworks/SpeechRecognition.framework/Versions/A/SpeechRecognition
0x00007fff4d813000 	/System/Library/PrivateFrameworks/CoreUI.framework/Versions/A/CoreUI
0x00007fff33409000 	/System/Library/Frameworks/CoreAudio.framework/Versions/A/CoreAudio
0x00007fff36238000 	/System/Library/Frameworks/DiskArbitration.framework/Versions/A/DiskArbitration
0x00007fff5ae7d000 	/System/Library/PrivateFrameworks/MultitouchSupport.framework/Versions/A/MultitouchSupport
0x00007fff6bb89000 	/usr/lib/libenergytrace.dylib
0x00007fff36cb2000 	/System/Library/Frameworks/IOKit.framework/Versions/A/IOKit
0x00007fff352a4000 	/System/Library/Frameworks/CoreServices.framework/Versions/A/CoreServices
0x00007fff5d035000 	/System/Library/PrivateFrameworks/PerformanceAnalysis.framework/Versions/A/PerformanceAnalysis
0x00007fff3ea3e000 	/System/Library/Frameworks/OpenGL.framework/Versions/A/OpenGL
0x00007fff6cc58000 	/usr/lib/libobjc.A.dylib
0x00007fff33028000 	/System/Library/Frameworks/ColorSync.framework/Versions/A/ColorSync
0x00007fff33ebc000 	/System/Library/Frameworks/CoreFoundation.framework/Versions/A/CoreFoundation
0x00007fff349c0000 	/System/Library/Frameworks/CoreImage.framework/Versions/A/CoreImage
0x00007fff35d17000 	/System/Library/Frameworks/CoreText.framework/Versions/A/CoreText
0x00007fff36de8000 	/System/Library/Frameworks/ImageIO.framework/Versions/A/ImageIO
0x00007fff6b0de000 	/usr/lib/libc++.1.dylib
0x00007fff6b15a000 	/usr/lib/libcompression.dylib
0x00007fff6ac66000 	/usr/lib/libMobileGestalt.dylib
0x00007fff64b78000 	/System/Library/PrivateFrameworks/TextureIO.framework/Versions/A/TextureIO
0x00007fff6af5d000 	/usr/lib/libate.dylib
0x00007fff59036000 	/System/Library/PrivateFrameworks/InternationalSupport.framework/Versions/A/InternationalSupport
0x00007fff6dbf5000 	/usr/lib/system/libcache.dylib
0x00007fff6dbfb000 	/usr/lib/system/libcommonCrypto.dylib
0x00007fff6dc07000 	/usr/lib/system/libcompiler_rt.dylib
0x00007fff6dc0f000 	/usr/lib/system/libcopyfile.dylib
0x00007fff6dc19000 	/usr/lib/system/libcorecrypto.dylib
0x00007fff6ddb8000 	/usr/lib/system/libdispatch.dylib
0x00007fff6ddf9000 	/usr/lib/system/libdyld.dylib
0x00007fff6de30000 	/usr/lib/system/libkeymgr.dylib
0x00007fff6de3e000 	/usr/lib/system/liblaunch.dylib
0x00007fff6de3f000 	/usr/lib/system/libmacho.dylib
0x00007fff6de45000 	/usr/lib/system/libquarantine.dylib
0x00007fff6de48000 	/usr/lib/system/libremovefile.dylib
0x00007fff6de4a000 	/usr/lib/system/libsystem_asl.dylib
0x00007fff6de62000 	/usr/lib/system/libsystem_blocks.dylib
0x00007fff6de63000 	/usr/lib/system/libsystem_c.dylib
0x00007fff6deeb000 	/usr/lib/system/libsystem_configuration.dylib
0x00007fff6deef000 	/usr/lib/system/libsystem_coreservices.dylib
0x00007fff6def3000 	/usr/lib/system/libsystem_darwin.dylib
0x00007fff6defc000 	/usr/lib/system/libsystem_dnssd.dylib
0x00007fff6df04000 	/usr/lib/system/libsystem_featureflags.dylib
0x00007fff6df06000 	/usr/lib/system/libsystem_info.dylib
0x00007fff6df81000 	/usr/lib/system/libsystem_m.dylib
0x00007fff6dfc9000 	/usr/lib/system/libsystem_malloc.dylib
0x00007fff6dff1000 	/usr/lib/system/libsystem_networkextension.dylib
0x00007fff6dfff000 	/usr/lib/system/libsystem_notify.dylib
0x00007fff6e01d000 	/usr/lib/system/libsystem_sandbox.dylib
0x00007fff6e022000 	/usr/lib/system/libsystem_secinit.dylib
0x00007fff6df54000 	/usr/lib/system/libsystem_kernel.dylib
0x00007fff6e009000 	/usr/lib/system/libsystem_platform.dylib
0x00007fff6e012000 	/usr/lib/system/libsystem_pthread.dylib
0x00007fff6e025000 	/usr/lib/system/libsystem_symptoms.dylib
0x00007fff6e02d000 	/usr/lib/system/libsystem_trace.dylib
0x00007fff6e045000 	/usr/lib/system/libunwind.dylib
0x00007fff6e04b000 	/usr/lib/system/libxpc.dylib
0x00007fff6b131000 	/usr/lib/libc++abi.dylib
0x00007fff6bf35000 	/usr/lib/liblzma.5.dylib
0x00007fff6bbb0000 	/usr/lib/libfakelink.dylib
0x00007fff6aeea000 	/usr/lib/libarchive.2.dylib
0x00007fff418c2000 	/System/Library/Frameworks/SystemConfiguration.framework/Versions/A/SystemConfiguration
0x00007fff6a855000 	/usr/lib/libCRFSuite.dylib
0x00007fff3272b000 	/System/Library/Frameworks/CFNetwork.framework/Versions/A/CFNetwork
0x00007fff6b0c0000 	/usr/lib/libbsm.0.dylib
0x00007fff6de31000 	/usr/lib/system/libkxld.dylib
0x00007fff4767c000 	/System/Library/PrivateFrameworks/AppleFSCompression.framework/Versions/A/AppleFSCompression
0x00007fff6b44b000 	/usr/lib/libcoretls.dylib
0x00007fff6b462000 	/usr/lib/libcoretls_cfhelpers.dylib
0x00007fff6cc9e000 	/usr/lib/libpam.2.dylib
0x00007fff6cdd3000 	/usr/lib/libsqlite3.dylib
0x00007fff6d212000 	/usr/lib/libxar.1.dylib
0x00007fff6b0d1000 	/usr/lib/libbz2.1.0.dylib
0x00007fff6bbd1000 	/usr/lib/libiconv.2.dylib
0x00007fff6b147000 	/usr/lib/libcharset.1.dylib
0x00007fff6c73b000 	/usr/lib/libnetwork.dylib
0x00007fff6cca5000 	/usr/lib/libpcap.A.dylib
0x00007fff6ae9f000 	/usr/lib/libapple_nghttp2.dylib
0x00007fff3565b000 	/System/Library/Frameworks/CoreServices.framework/Versions/A/Frameworks/FSEvents.framework/Versions/A/FSEvents
0x00007fff3532b000 	/System/Library/Frameworks/CoreServices.framework/Versions/A/Frameworks/CarbonCore.framework/Versions/A/CarbonCore
0x00007fff3589f000 	/System/Library/Frameworks/CoreServices.framework/Versions/A/Frameworks/Metadata.framework/Versions/A/Metadata
0x00007fff35938000 	/System/Library/Frameworks/CoreServices.framework/Versions/A/Frameworks/OSServices.framework/Versions/A/OSServices
0x00007fff35966000 	/System/Library/Frameworks/CoreServices.framework/Versions/A/Frameworks/SearchKit.framework/Versions/A/SearchKit
0x00007fff352a5000 	/System/Library/Frameworks/CoreServices.framework/Versions/A/Frameworks/AE.framework/Versions/A/AE
0x00007fff35664000 	/System/Library/Frameworks/CoreServices.framework/Versions/A/Frameworks/LaunchServices.framework/Versions/A/LaunchServices
0x00007fff3560d000 	/System/Library/Frameworks/CoreServices.framework/Versions/A/Frameworks/DictionaryServices.framework/Versions/A/DictionaryServices
0x00007fff359ce000 	/System/Library/Frameworks/CoreServices.framework/Versions/A/Frameworks/SharedFileList.framework/Versions/A/SharedFileList
0x00007fff3a85d000 	/System/Library/Frameworks/NetFS.framework/Versions/A/NetFS
0x00007fff5b3ad000 	/System/Library/PrivateFrameworks/NetAuth.framework/Versions/A/NetAuth
0x00007fff67d35000 	/System/Library/PrivateFrameworks/login.framework/Versions/A/Frameworks/loginsupport.framework/Versions/A/loginsupport
0x00007fff64643000 	/System/Library/PrivateFrameworks/TCC.framework/Versions/A/TCC
0x00007fff4c2ad000 	/System/Library/PrivateFrameworks/CoreNLP.framework/Versions/A/CoreNLP
0x00007fff5a8aa000 	/System/Library/PrivateFrameworks/MetadataUtilities.framework/Versions/A/MetadataUtilities
0x00007fff6c00d000 	/usr/lib/libmecabra.dylib
0x00007fff6bf65000 	/usr/lib/libmecab.dylib
0x00007fff6bbc1000 	/usr/lib/libgermantok.dylib
0x00007fff6ae86000 	/usr/lib/libThaiTokenizer.dylib
0x00007fff6a88c000 	/usr/lib/libChineseTokenizer.dylib
0x00007fff2fb5b000 	/System/Library/Frameworks/Accelerate.framework/Versions/A/Frameworks/vImage.framework/Versions/A/vImage
0x00007fff30fc5000 	/System/Library/Frameworks/Accelerate.framework/Versions/A/Frameworks/vecLib.framework/Versions/A/vecLib
0x00007fff30f02000 	/System/Library/Frameworks/Accelerate.framework/Versions/A/Frameworks/vecLib.framework/Versions/A/libvMisc.dylib
0x00007fff30d2a000 	/System/Library/Frameworks/Accelerate.framework/Versions/A/Frameworks/vecLib.framework/Versions/A/libvDSP.dylib
0x00007fff301b2000 	/System/Library/Frameworks/Accelerate.framework/Versions/A/Frameworks/vecLib.framework/Versions/A/libBLAS.dylib
0x00007fff308ee000 	/System/Library/Frameworks/Accelerate.framework/Versions/A/Frameworks/vecLib.framework/Versions/A/libLAPACK.dylib
0x00007fff30c8a000 	/System/Library/Frameworks/Accelerate.framework/Versions/A/Frameworks/vecLib.framework/Versions/A/libLinearAlgebra.dylib
0x00007fff30d17000 	/System/Library/Frameworks/Accelerate.framework/Versions/A/Frameworks/vecLib.framework/Versions/A/libSparseBLAS.dylib
0x00007fff30ca0000 	/System/Library/Frameworks/Accelerate.framework/Versions/A/Frameworks/vecLib.framework/Versions/A/libQuadrature.dylib
0x00007fff3041a000 	/System/Library/Frameworks/Accelerate.framework/Versions/A/Frameworks/vecLib.framework/Versions/A/libBNNS.dylib
0x00007fff30ca6000 	/System/Library/Frameworks/Accelerate.framework/Versions/A/Frameworks/vecLib.framework/Versions/A/libSparse.dylib
0x00007fff5941e000 	/System/Library/PrivateFrameworks/LanguageModeling.framework/Versions/A/LanguageModeling
0x00007fff4bc5d000 	/System/Library/PrivateFrameworks/CoreEmoji.framework/Versions/A/CoreEmoji
0x00007fff5953c000 	/System/Library/PrivateFrameworks/LinguisticData.framework/Versions/A/LinguisticData
0x00007fff594ed000 	/System/Library/PrivateFrameworks/Lexicon.framework/Versions/A/Lexicon
0x00007fff6b148000 	/usr/lib/libcmph.dylib
0x00007fff3d44c000 	/System/Library/Frameworks/OpenDirectory.framework/Versions/A/Frameworks/CFOpenDirectory.framework/Versions/A/CFOpenDirectory
0x00007fff3d469000 	/System/Library/Frameworks/OpenDirectory.framework/Versions/A/OpenDirectory
0x00007fff458ac000 	/System/Library/PrivateFrameworks/APFS.framework/Versions/A/APFS
0x00007fff40b5b000 	/System/Library/Frameworks/SecurityFoundation.framework/Versions/A/SecurityFoundation
0x00007fff6d20e000 	/usr/lib/libutil.dylib
0x00007fff4d192000 	/System/Library/PrivateFrameworks/CoreServicesStore.framework/Versions/A/CoreServicesStore
0x00007fff40c12000 	/System/Library/Frameworks/ServiceManagement.framework/Versions/A/ServiceManagement
0x00007fff48e4c000 	/System/Library/PrivateFrameworks/BackgroundTaskManagement.framework/Versions/A/BackgroundTaskManagement
0x00007fff6d30b000 	/usr/lib/libxslt.1.dylib
0x00007fff47cef000 	/System/Library/PrivateFrameworks/AppleSystemInfo.framework/Versions/A/AppleSystemInfo
0x00007fff37003000 	/System/Library/Frameworks/ImageIO.framework/Versions/A/Resources/libJPEG.dylib
0x00007fff372c1000 	/System/Library/Frameworks/ImageIO.framework/Versions/A/Resources/libTIFF.dylib
0x00007fff372a4000 	/System/Library/Frameworks/ImageIO.framework/Versions/A/Resources/libPng.dylib
0x00007fff36f45000 	/System/Library/Frameworks/ImageIO.framework/Versions/A/Resources/libGIF.dylib
0x00007fff36f49000 	/System/Library/Frameworks/ImageIO.framework/Versions/A/Resources/libJP2.dylib
0x00007fff372bf000 	/System/Library/Frameworks/ImageIO.framework/Versions/A/Resources/libRadiance.dylib
0x00007fff6bb8a000 	/usr/lib/libexpat.1.dylib
0x00007fff477d7000 	/System/Library/PrivateFrameworks/AppleJPEG.framework/Versions/A/AppleJPEG
0x00007fff50492000 	/System/Library/PrivateFrameworks/FontServices.framework/libFontParser.dylib
0x00007fff66d37000 	/System/Library/PrivateFrameworks/WatchdogClient.framework/Versions/A/WatchdogClient
0x00007fff58a79000 	/System/Library/PrivateFrameworks/IOAccelerator.framework/Versions/A/IOAccelerator
0x00007fff397ce000 	/System/Library/Frameworks/MetalPerformanceShaders.framework/Versions/A/MetalPerformanceShaders
0x00007fff5520f000 	/System/Library/PrivateFrameworks/GPUWrangler.framework/Versions/A/GPUWrangler
0x00007fff58a8e000 	/System/Library/PrivateFrameworks/IOPresentment.framework/Versions/A/IOPresentment
0x00007fff4dd12000 	/System/Library/PrivateFrameworks/DSExternalDisplay.framework/Versions/A/DSExternalDisplay
0x00007fff3dddd000 	/System/Library/Frameworks/OpenGL.framework/Versions/A/Libraries/libCoreFSCache.dylib
0x00007fff3951a000 	/System/Library/Frameworks/MetalPerformanceShaders.framework/Frameworks/MPSCore.framework/Versions/A/MPSCore
0x00007fff39558000 	/System/Library/Frameworks/MetalPerformanceShaders.framework/Frameworks/MPSImage.framework/Versions/A/MPSImage
0x00007fff3961f000 	/System/Library/Frameworks/MetalPerformanceShaders.framework/Frameworks/MPSNeuralNetwork.framework/Versions/A/MPSNeuralNetwork
0x00007fff395e3000 	/System/Library/Frameworks/MetalPerformanceShaders.framework/Frameworks/MPSMatrix.framework/Versions/A/MPSMatrix
0x00007fff3977e000 	/System/Library/Frameworks/MetalPerformanceShaders.framework/Frameworks/MPSRayIntersector.framework/Versions/A/MPSRayIntersector
0x00007fff39609000 	/System/Library/Frameworks/MetalPerformanceShaders.framework/Frameworks/MPSNDArray.framework/Versions/A/MPSNDArray
0x00007fff5a8f7000 	/System/Library/PrivateFrameworks/MetalTools.framework/Versions/A/MetalTools
0x00007fff46a86000 	/System/Library/PrivateFrameworks/AggregateDictionary.framework/Versions/A/AggregateDictionary
0x00007fff4b6a5000 	/System/Library/PrivateFrameworks/CoreAnalytics.framework/Versions/A/CoreAnalytics
0x00007fff47c0e000 	/System/Library/PrivateFrameworks/AppleSauce.framework/Versions/A/AppleSauce
0x00007fff6ab48000 	/usr/lib/libIOReport.dylib
0x00007fff35ecf000 	/System/Library/Frameworks/CoreVideo.framework/Versions/A/CoreVideo
0x00007fff56688000 	/System/Library/PrivateFrameworks/GraphVisualizer.framework/Versions/A/GraphVisualizer
0x00007fff4f9d8000 	/System/Library/PrivateFrameworks/FaceCore.framework/Versions/A/FaceCore
0x00007fff3d3f3000 	/System/Library/Frameworks/OpenCL.framework/Versions/A/OpenCL
0x00007fff6a96a000 	/usr/lib/libFosl_dynamic.dylib
0x00007fff5bdcd000 	/System/Library/PrivateFrameworks/OTSVG.framework/Versions/A/OTSVG
0x00007fff32084000 	/System/Library/Frameworks/ApplicationServices.framework/Versions/A/Frameworks/ATS.framework/Versions/A/Resources/libFontRegistry.dylib
0x00007fff50663000 	/System/Library/PrivateFrameworks/FontServices.framework/libhvf.dylib
0x00007fff3dde8000 	/System/Library/Frameworks/OpenGL.framework/Versions/A/Libraries/libGFXShared.dylib
0x00007fff3dfc6000 	/System/Library/Frameworks/OpenGL.framework/Versions/A/Libraries/libGLU.dylib
0x00007fff3ddf1000 	/System/Library/Frameworks/OpenGL.framework/Versions/A/Libraries/libGL.dylib
0x00007fff3ddfc000 	/System/Library/Frameworks/OpenGL.framework/Versions/A/Libraries/libGLImage.dylib
0x00007fff3ddda000 	/System/Library/Frameworks/OpenGL.framework/Versions/A/Libraries/libCVMSPluginSupport.dylib
0x00007fff3dde3000 	/System/Library/Frameworks/OpenGL.framework/Versions/A/Libraries/libCoreVMClient.dylib
0x00007fff6c5dc000 	/usr/lib/libncurses.5.4.dylib
0x00007fff31f80000 	/System/Library/Frameworks/ApplicationServices.framework/Versions/A/Frameworks/ATS.framework/Versions/A/ATS
0x00007fff3214d000 	/System/Library/Frameworks/ApplicationServices.framework/Versions/A/Frameworks/ColorSyncLegacy.framework/Versions/A/ColorSyncLegacy
0x00007fff321eb000 	/System/Library/Frameworks/ApplicationServices.framework/Versions/A/Frameworks/HIServices.framework/Versions/A/HIServices
0x00007fff32243000 	/System/Library/Frameworks/ApplicationServices.framework/Versions/A/Frameworks/LangAnalysis.framework/Versions/A/LangAnalysis
0x00007fff32252000 	/System/Library/Frameworks/ApplicationServices.framework/Versions/A/Frameworks/PrintCore.framework/Versions/A/PrintCore
0x00007fff32298000 	/System/Library/Frameworks/ApplicationServices.framework/Versions/A/Frameworks/QD.framework/Versions/A/QD
0x00007fff322a3000 	/System/Library/Frameworks/ApplicationServices.framework/Versions/A/Frameworks/SpeechSynthesis.framework/Versions/A/SpeechSynthesis
0x00007fff3211d000 	/System/Library/Frameworks/ApplicationServices.framework/Versions/A/Frameworks/ATSUI.framework/Versions/A/ATSUI
0x00007fff6ba20000 	/usr/lib/libcups.2.dylib
0x00007fff38869000 	/System/Library/Frameworks/Kerberos.framework/Versions/A/Kerberos
0x00007fff369ab000 	/System/Library/Frameworks/GSS.framework/Versions/A/GSS
0x00007fff6cd5f000 	/usr/lib/libresolv.9.dylib
0x00007fff56835000 	/System/Library/PrivateFrameworks/Heimdal.framework/Versions/A/Heimdal
0x00007fff3887c000 	/System/Library/Frameworks/Kerberos.framework/Versions/A/Libraries/libHeimdalProxy.dylib
0x00007fff6bbc7000 	/usr/lib/libheimdal-asn1.dylib
0x00007fff4ab3d000 	/System/Library/PrivateFrameworks/CommonAuth.framework/Versions/A/CommonAuth
0x00007fff47d8c000 	/System/Library/PrivateFrameworks/AssertionServices.framework/Versions/A/AssertionServices
0x00007fff4892f000 	/System/Library/PrivateFrameworks/AudioToolboxCore.framework/Versions/A/AudioToolboxCore
0x00007fff679e5000 	/System/Library/PrivateFrameworks/caulk.framework/Versions/A/caulk
0x00007fff48ef8000 	/System/Library/PrivateFrameworks/BaseBoard.framework/Versions/A/BaseBoard
0x00007fff60030000 	/System/Library/PrivateFrameworks/RunningBoardServices.framework/Versions/A/RunningBoardServices
0x00007fff5d041000 	/System/Library/PrivateFrameworks/PersistentConnection.framework/Versions/A/PersistentConnection
0x00007fff5fa29000 	/System/Library/PrivateFrameworks/ProtocolBuffer.framework/Versions/A/ProtocolBuffer
0x00007fff4ab61000 	/System/Library/PrivateFrameworks/CommonUtilities.framework/Versions/A/CommonUtilities
0x00007fff49086000 	/System/Library/PrivateFrameworks/Bom.framework/Versions/A/Bom
0x00007fff6a81b000 	/usr/lib/libAudioToolboxUtility.dylib
0x00007fff48e56000 	/System/Library/PrivateFrameworks/Backup.framework/Versions/A/Backup
0x00007fff4dc33000 	/System/Library/PrivateFrameworks/CrashReporterSupport.framework/Versions/A/CrashReporterSupport
0x00007fff61ac2000 	/System/Library/PrivateFrameworks/Sharing.framework/Versions/A/Sharing
0x00007fff4739a000 	/System/Library/PrivateFrameworks/Apple80211.framework/Versions/A/Apple80211
0x00007fff48b73000 	/System/Library/PrivateFrameworks/AuthKit.framework/Versions/A/AuthKit
0x00007fff4d940000 	/System/Library/PrivateFrameworks/CoreUtils.framework/Versions/A/CoreUtils
0x00007fff35f14000 	/System/Library/Frameworks/CoreWLAN.framework/Versions/A/CoreWLAN
0x00007fff36b38000 	/System/Library/Frameworks/IOBluetooth.framework/Versions/A/IOBluetooth
0x00007fff5abfc000 	/System/Library/PrivateFrameworks/MobileKeyBag.framework/Versions/A/MobileKeyBag
0x00007fff4c745000 	/System/Library/PrivateFrameworks/CorePhoneNumbers.framework/Versions/A/CorePhoneNumbers
0x00007fff4778a000 	/System/Library/PrivateFrameworks/AppleIDAuthSupport.framework/Versions/A/AppleIDAuthSupport
0x00007fff3a86a000 	/System/Library/Frameworks/Network.framework/Versions/A/Network
0x00007fff592ca000 	/System/Library/PrivateFrameworks/KeychainCircle.framework/Versions/A/KeychainCircle
0x00007fff33965000 	/System/Library/Frameworks/CoreBluetooth.framework/Versions/A/CoreBluetooth
0x00007fff63b41000 	/System/Library/PrivateFrameworks/SpeechRecognitionCore.framework/Versions/A/SpeechRecognitionCore
0x000000010a000000 	/Applications/IntelliJ IDEA CE.app/Contents/jbr/Contents/Home/lib/server/libjvm.dylib
0x0000000109695000 	/Applications/IntelliJ IDEA CE.app/Contents/jbr/Contents/Home/lib/libverify.dylib
0x00000001096a6000 	/Applications/IntelliJ IDEA CE.app/Contents/jbr/Contents/Home/lib/libjava.dylib
0x00000001096d3000 	/Applications/IntelliJ IDEA CE.app/Contents/jbr/Contents/Home/lib/libjimage.dylib
0x00000001096e1000 	/Applications/IntelliJ IDEA CE.app/Contents/jbr/Contents/Home/lib/libinstrument.dylib
0x0000000109739000 	/Applications/IntelliJ IDEA CE.app/Contents/jbr/Contents/Home/lib/libzip.dylib
0x00000001097a6000 	/Applications/IntelliJ IDEA CE.app/Contents/jbr/Contents/Home/lib/libnio.dylib
0x00000001097b9000 	/Applications/IntelliJ IDEA CE.app/Contents/jbr/Contents/Home/lib/libnet.dylib
0x00000001097d2000 	/Applications/IntelliJ IDEA CE.app/Contents/jbr/Contents/Home/lib/libextnet.dylib


VM Arguments:
jvm_args: -ea -Didea.test.cyclic.buffer.size=1048576 -javaagent:/Applications/IntelliJ IDEA CE.app/Contents/lib/idea_rt.jar=49778:/Applications/IntelliJ IDEA CE.app/Contents/bin -Dfile.encoding=UTF-8 
java_command: com.intellij.rt.junit.JUnitStarter -ideVersion5 -junit4 pl.classroom.entity._04_ClassroomTest,testHqlFindTheBestStudentInClassroom
java_class_path (initial): /Applications/IntelliJ IDEA CE.app/Contents/lib/idea_rt.jar:/Applications/IntelliJ IDEA CE.app/Contents/plugins/junit/lib/junit5-rt.jar:/Applications/IntelliJ IDEA CE.app/Contents/plugins/junit/lib/junit-rt.jar:/Users/kamil/IdeaProjects/SDA_Projects/HibernateProject/target/test-classes:/Users/kamil/IdeaProjects/SDA_Projects/HibernateProject/target/classes:/Users/kamil/.m2/repository/mysql/mysql-connector-java/8.0.21/mysql-connector-java-8.0.21.jar:/Users/kamil/.m2/repository/com/google/protobuf/protobuf-java/3.11.4/protobuf-java-3.11.4.jar:/Users/kamil/.m2/repository/org/hibernate/hibernate-core/5.3.15.Final/hibernate-core-5.3.15.Final.jar:/Users/kamil/.m2/repository/org/jboss/logging/jboss-logging/3.3.2.Final/jboss-logging-3.3.2.Final.jar:/Users/kamil/.m2/repository/javax/persistence/javax.persistence-api/2.2/javax.persistence-api-2.2.jar:/Users/kamil/.m2/repository/org/javassist/javassist/3.23.2-GA/javassist-3.23.2-GA.jar:/Users/kamil/.m2/repository/net/bytebuddy/byte-buddy/1.9.11/byte-buddy-1.9.11.jar:/Users/kamil/.m2/repository/antlr/antlr/2.7.7/antlr-2.7.7.jar:/Users/kamil/.m2/repository/org/jboss/spec/javax/transaction/jboss-transaction-api_1.2_spec/1.1.1.Final/jboss-transaction-api_1.2_spec-1.1.1.Final.jar:/Users/kamil/.m2/repository/org/jboss/jandex/2.0.5.Final/jandex-2.0.5.Final.jar:/Users/kamil/.m2/repository/com/fasterxml/classmate/1.3.4/classmate-1.3.4.jar:/Users/kamil/.m2/repository/javax/activation/javax.activation-api/1.2.0/javax.activation-api-1.2.0.jar:/Users/kamil/.m2/repository/org/dom4j/dom4j/2.1.1/dom4j-2.1.1.jar:/Users/kamil/.m2/repository/org/hibernate/common/hibernate-commons-annotations/5.0.4.Final/hibernate-commons-annotations-5.0.4.Final.jar:/Users/kamil/.m2/repository/javax/xml/bind/jaxb-api/2.3.1/jaxb-api-2.3.1.jar:/Users/kamil/.m2/repository/org/glassfish/jaxb/jaxb-runtime/2.3.1/jaxb-runtime-2.3.1.jar:/Users/kamil/.m2/repository/org/glassfish/jaxb/txw2/2.3.1/txw2-2.3.1.jar:/Users/kamil/.m2/repository/com/sun
Launcher Type: SUN_STANDARD

[Global flags]
     intx CICompilerCount                          = 3                                         {product} {ergonomic}
     uint ConcGCThreads                            = 1                                         {product} {ergonomic}
     uint G1ConcRefinementThreads                  = 4                                         {product} {ergonomic}
   size_t G1HeapRegionSize                         = 1048576                                   {product} {ergonomic}
    uintx GCDrainStackTargetSize                   = 64                                        {product} {ergonomic}
   size_t InitialHeapSize                          = 134217728                                 {product} {ergonomic}
   size_t MarkStackSize                            = 4194304                                   {product} {ergonomic}
   size_t MaxHeapSize                              = 2147483648                                {product} {ergonomic}
   size_t MaxNewSize                               = 1287651328                                {product} {ergonomic}
   size_t MinHeapDeltaBytes                        = 1048576                                   {product} {ergonomic}
    uintx NonNMethodCodeHeapSize                   = 5830732                                {pd product} {ergonomic}
    uintx NonProfiledCodeHeapSize                  = 122913754                              {pd product} {ergonomic}
    uintx ProfiledCodeHeapSize                     = 122913754                              {pd product} {ergonomic}
    uintx ReservedCodeCacheSize                    = 251658240                              {pd product} {ergonomic}
     bool SegmentedCodeCache                       = true                                      {product} {ergonomic}
     bool UseCompressedClassPointers               = true                                 {lp64_product} {ergonomic}
     bool UseCompressedOops                        = true                                 {lp64_product} {ergonomic}
     bool UseG1GC                                  = true                                      {product} {ergonomic}

Logging:
Log output configuration:
 #0: stdout all=warning uptime,level,tags
 #1: stderr all=off uptime,level,tags

Environment Variables:
PATH=/usr/local/bin:/usr/bin:/bin:/usr/sbin:/sbin
SHELL=/bin/zsh
LC_CTYPE=en_GB.UTF-8

Signal Handlers:
SIGSEGV: [libjvm.dylib+0x74a5f0], sa_mask[0]=11111111011111110111111111111111, sa_flags=SA_ONSTACK|SA_RESTART|SA_SIGINFO
SIGBUS: [libjvm.dylib+0x74a5f0], sa_mask[0]=11111111011111110111111111111111, sa_flags=SA_RESTART|SA_SIGINFO
SIGFPE: [libjvm.dylib+0x74a5f0], sa_mask[0]=11111111011111110111111111111111, sa_flags=SA_RESTART|SA_SIGINFO
SIGPIPE: [libjvm.dylib+0x5f9188], sa_mask[0]=11111111011111110111111111111111, sa_flags=SA_RESTART|SA_SIGINFO
SIGXFSZ: [libjvm.dylib+0x5f9188], sa_mask[0]=11111111011111110111111111111111, sa_flags=SA_RESTART|SA_SIGINFO
SIGILL: [libjvm.dylib+0x74a5f0], sa_mask[0]=11111111011111110111111111111111, sa_flags=SA_RESTART|SA_SIGINFO
SIGUSR2: [libjvm.dylib+0x5f976d], sa_mask[0]=00100000000000000000000000000000, sa_flags=SA_RESTART|SA_SIGINFO
SIGHUP: [libjvm.dylib+0x5f829f], sa_mask[0]=11111111011111110111111111111111, sa_flags=SA_RESTART|SA_SIGINFO
SIGINT: [libjvm.dylib+0x5f829f], sa_mask[0]=11111111011111110111111111111111, sa_flags=SA_RESTART|SA_SIGINFO
SIGTERM: [libjvm.dylib+0x5f829f], sa_mask[0]=11111111011111110111111111111111, sa_flags=SA_RESTART|SA_SIGINFO
SIGQUIT: [libjvm.dylib+0x5f829f], sa_mask[0]=11111111011111110111111111111111, sa_flags=SA_RESTART|SA_SIGINFO


---------------  S Y S T E M  ---------------

OS:uname:Darwin 19.6.0 Darwin Kernel Version 19.6.0: Thu Jun 18 20:49:00 PDT 2020; root:xnu-6153.141.1~1/RELEASE_X86_64 x86_64
OS uptime: 0 days 1:09 hours
rlimit (soft/hard): STACK 8192k/65532k , CORE 0k/infinity , NPROC 1392/2088 , NOFILE 10240/infinity , AS infinity/infinity , CPU infinity/infinity , DATA infinity/infinity , FSIZE infinity/infinity , MEMLOCK infinity/infinity , RSS infinity/infinity
load average:2.59 2.26 2.16

CPU:total 4 (initial active 4) (2 cores per cpu, 2 threads per core) family 6 model 61 stepping 4, cmov, cx8, fxsr, mmx, sse, sse2, sse3, ssse3, sse4.1, sse4.2, popcnt, avx, avx2, aes, clmul, erms, 3dnowpref, lzcnt, ht, tsc, tscinvbit, bmi1, bmi2, adx, fma

Memory: 4k page, physical 8388608k(116704k free), swap 0k(0k free)

vm_info: OpenJDK 64-Bit Server VM (11.0.8+10-b944.31) for bsd-amd64 JRE (11.0.8+10-b944.31), built on Aug  6 2020 04:29:13 by "builduser" with gcc 4.2.1 Compatible Apple LLVM 9.1.0 (clang-902.0.39.2)

END.
